# JRE version: Java(TM) SE Runtime Environment (8.0_71-b15) (build 1.8.0_71-b15)
# Java VM: Java HotSpot(TM) 64-Bit Server VM (25.71-b15 mixed mode bsd-amd64 compressed oops)
Heap:
 PSYoungGen      total 38400K, used 8054K [0x0000000795580000, 0x0000000799c00000, 0x00000007c0000000)
  eden space 33280K, 8% used [0x0000000795580000,0x0000000795861fc0,0x0000000797600000)
  from space 5120K, 99% used [0x0000000797600000,0x0000000797afb970,0x0000000797b00000)
  to   space 5120K, 0% used [0x0000000799700000,0x0000000799700000,0x0000000799c00000)
 ParOldGen       total 57344K, used 10964K [0x0000000740000000, 0x0000000743800000, 0x0000000795580000)
  object space 57344K, 19% used [0x0000000740000000,0x0000000740ab5048,0x0000000743800000)
 Metaspace       used 28483K, capacity 28702K, committed 28928K, reserved 1075200K
  class space    used 3734K, capacity 3813K, committed 3840K, reserved 1048576K
GC Heap History (8 events):
Event: 0.726 GC heap before
{Heap before GC invocations=1 (full 0):
 PSYoungGen      total 38400K, used 33280K [0x0000000795580000, 0x0000000798000000, 0x00000007c0000000)
  eden space 33280K, 100% used [0x0000000795580000,0x0000000797600000,0x0000000797600000)
  from space 5120K, 0% used [0x0000000797b00000,0x0000000797b00000,0x0000000798000000)
  to   space 5120K, 0% used [0x0000000797600000,0x0000000797600000,0x0000000797b00000)
 ParOldGen       total 87552K, used 0K [0x0000000740000000, 0x0000000745580000, 0x0000000795580000)
  object space 87552K, 0% used [0x0000000740000000,0x0000000740000000,0x0000000745580000)
 Metaspace       used 15177K, capacity 15334K, committed 15488K, reserved 1062912K
  class space    used 2042K, capacity 2109K, committed 2176K, reserved 1048576K
Event: 0.735 GC heap after
Heap after GC invocations=1 (full 0):
 PSYoungGen      total 38400K, used 5099K [0x0000000795580000, 0x000000079a080000, 0x00000007c0000000)
  eden space 33280K, 0% used [0x0000000795580000,0x0000000795580000,0x0000000797600000)
  from space 5120K, 99% used [0x0000000797600000,0x0000000797afae08,0x0000000797b00000)
  to   space 5120K, 0% used [0x0000000799b80000,0x0000000799b80000,0x000000079a080000)
 ParOldGen       total 87552K, used 3085K [0x0000000740000000, 0x0000000745580000, 0x0000000795580000)
  object space 87552K, 3% used [0x0000000740000000,0x0000000740303468,0x0000000745580000)
 Metaspace       used 15177K, capacity 15334K, committed 15488K, reserved 1062912K
  class space    used 2042K, capacity 2109K, committed 2176K, reserved 1048576K
}
Event: 5.747 GC heap before
{Heap before GC invocations=2 (full 0):
 PSYoungGen      total 38400K, used 24795K [0x0000000795580000, 0x000000079a080000, 0x00000007c0000000)
  eden space 33280K, 59% used [0x0000000795580000,0x00000007968bc0c8,0x0000000797600000)
  from space 5120K, 99% used [0x0000000797600000,0x0000000797afae08,0x0000000797b00000)
  to   space 5120K, 0% used [0x0000000799b80000,0x0000000799b80000,0x000000079a080000)
 ParOldGen       total 87552K, used 3085K [0x0000000740000000, 0x0000000745580000, 0x0000000795580000)
  object space 87552K, 3% used [0x0000000740000000,0x0000000740303468,0x0000000745580000)
 Metaspace       used 20986K, capacity 21126K, committed 21296K, reserved 1067008K
  class space    used 2853K, capacity 2909K, committed 2944K, reserved 1048576K
Event: 5.754 GC heap after
Heap after GC invocations=2 (full 0):
 PSYoungGen      total 38400K, used 5106K [0x0000000795580000, 0x000000079a080000, 0x00000007c0000000)
  eden space 33280K, 0% used [0x0000000795580000,0x0000000795580000,0x0000000797600000)
  from space 5120K, 99% used [0x0000000799b80000,0x000000079a07c9e0,0x000000079a080000)
  to   space 5120K, 0% used [0x0000000797600000,0x0000000797600000,0x0000000797b00000)
 ParOldGen       total 87552K, used 5839K [0x0000000740000000, 0x0000000745580000, 0x0000000795580000)
  object space 87552K, 6% used [0x0000000740000000,0x00000007405b3e98,0x0000000745580000)
 Metaspace       used 20986K, capacity 21126K, committed 21296K, reserved 1067008K
  class space    used 2853K, capacity 2909K, committed 2944K, reserved 1048576K
}
Event: 5.754 GC heap before
{Heap before GC invocations=3 (full 1):
 PSYoungGen      total 38400K, used 5106K [0x0000000795580000, 0x000000079a080000, 0x00000007c0000000)
  eden space 33280K, 0% used [0x0000000795580000,0x0000000795580000,0x0000000797600000)
  from space 5120K, 99% used [0x0000000799b80000,0x000000079a07c9e0,0x000000079a080000)
  to   space 5120K, 0% used [0x0000000797600000,0x0000000797600000,0x0000000797b00000)
 ParOldGen       total 87552K, used 5839K [0x0000000740000000, 0x0000000745580000, 0x0000000795580000)
  object space 87552K, 6% used [0x0000000740000000,0x00000007405b3e98,0x0000000745580000)
 Metaspace       used 20986K, capacity 21126K, committed 21296K, reserved 1067008K
  class space    used 2853K, capacity 2909K, committed 2944K, reserved 1048576K
Event: 5.776 GC heap after
Heap after GC invocations=3 (full 1):
 PSYoungGen      total 38400K, used 0K [0x0000000795580000, 0x000000079a080000, 0x00000007c0000000)
  eden space 33280K, 0% used [0x0000000795580000,0x0000000795580000,0x0000000797600000)
  from space 5120K, 0% used [0x0000000799b80000,0x0000000799b80000,0x000000079a080000)
  to   space 5120K, 0% used [0x0000000797600000,0x0000000797600000,0x0000000797b00000)
 ParOldGen       total 57344K, used 7638K [0x0000000740000000, 0x0000000743800000, 0x0000000795580000)
  object space 57344K, 13% used [0x0000000740000000,0x0000000740775848,0x0000000743800000)
 Metaspace       used 20986K, capacity 21126K, committed 21296K, reserved 1067008K
  class space    used 2853K, capacity 2909K, committed 2944K, reserved 1048576K
}
Event: 200.860 GC heap before
{Heap before GC invocations=4 (full 1):
 PSYoungGen      total 38400K, used 33280K [0x0000000795580000, 0x000000079a080000, 0x00000007c0000000)
  eden space 33280K, 100% used [0x0000000795580000,0x0000000797600000,0x0000000797600000)
  from space 5120K, 0% used [0x0000000799b80000,0x0000000799b80000,0x000000079a080000)
  to   space 5120K, 0% used [0x0000000797600000,0x0000000797600000,0x0000000797b00000)
 ParOldGen       total 57344K, used 7638K [0x0000000740000000, 0x0000000743800000, 0x0000000795580000)
  object space 57344K, 13% used [0x0000000740000000,0x0000000740775848,0x0000000743800000)
 Metaspace       used 28351K, capacity 28510K, committed 28672K, reserved 1075200K
  class space    used 3732K, capacity 3813K, committed 3840K, reserved 1048576K
Event: 200.867 GC heap after
Heap after GC invocations=4 (full 1):
 PSYoungGen      total 38400K, used 5102K [0x0000000795580000, 0x0000000799c00000, 0x00000007c0000000)
  eden space 33280K, 0% used [0x0000000795580000,0x0000000795580000,0x0000000797600000)
  from space 5120K, 99% used [0x0000000797600000,0x0000000797afb970,0x0000000797b00000)
  to   space 5120K, 0% used [0x0000000799700000,0x0000000799700000,0x0000000799c00000)
 ParOldGen       total 57344K, used 10964K [0x0000000740000000, 0x0000000743800000, 0x0000000795580000)
  object space 57344K, 19% used [0x0000000740000000,0x0000000740ab5048,0x0000000743800000)
 Metaspace       used 28351K, capacity 28510K, committed 28672K, reserved 1075200K
  class space    used 3732K, capacity 3813K, committed 3840K, reserved 1048576K
}

