# JRE version: Java(TM) SE Runtime Environment (8.0_71-b15) (build 1.8.0_71-b15)
# Java VM: Java HotSpot(TM) 64-Bit Server VM (25.71-b15 mixed mode bsd-amd64 compressed oops)
Heap:
 PSYoungGen      total 66048K, used 41308K [0x00000007bab00000, 0x00000007c0000000, 0x00000007c0000000)
  eden space 46592K, 81% used [0x00000007bab00000,0x00000007bcff7318,0x00000007bd880000)
  from space 19456K, 17% used [0x00000007bec00000,0x00000007bef60010,0x00000007bff00000)
  to   space 19968K, 0% used [0x00000007bd880000,0x00000007bd880000,0x00000007bec00000)
 ParOldGen       total 103424K, used 83443K [0x00000007b0000000, 0x00000007b6500000, 0x00000007bab00000)
  object space 103424K, 80% used [0x00000007b0000000,0x00000007b517cf08,0x00000007b6500000)
 Metaspace       used 48973K, capacity 49315K, committed 49536K, reserved 1091584K
  class space    used 6573K, capacity 6673K, committed 6784K, reserved 1048576K
GC Heap History (10 events):
Event: 1617.400 GC heap before
{Heap before GC invocations=57 (full 3):
 PSYoungGen      total 63488K, used 48247K [0x00000007bab00000, 0x00000007bff00000, 0x00000007c0000000)
  eden space 43008K, 100% used [0x00000007bab00000,0x00000007bd500000,0x00000007bd500000)
  from space 20480K, 25% used [0x00000007bd500000,0x00000007bda1dca8,0x00000007be900000)
  to   space 20992K, 0% used [0x00000007bea80000,0x00000007bea80000,0x00000007bff00000)
 ParOldGen       total 103424K, used 83083K [0x00000007b0000000, 0x00000007b6500000, 0x00000007bab00000)
  object space 103424K, 80% used [0x00000007b0000000,0x00000007b5122ef8,0x00000007b6500000)
 Metaspace       used 48354K, capacity 48643K, committed 48896K, reserved 1091584K
  class space    used 6551K, capacity 6641K, committed 6656K, reserved 1048576K
Event: 1617.407 GC heap after
Heap after GC invocations=57 (full 3):
 PSYoungGen      total 64000K, used 8561K [0x00000007bab00000, 0x00000007bfe00000, 0x00000007c0000000)
  eden space 44032K, 0% used [0x00000007bab00000,0x00000007bab00000,0x00000007bd600000)
  from space 19968K, 42% used [0x00000007bea80000,0x00000007bf2dc600,0x00000007bfe00000)
  to   space 20480K, 0% used [0x00000007bd600000,0x00000007bd600000,0x00000007bea00000)
 ParOldGen       total 103424K, used 83115K [0x00000007b0000000, 0x00000007b6500000, 0x00000007bab00000)
  object space 103424K, 80% used [0x00000007b0000000,0x00000007b512aef8,0x00000007b6500000)
 Metaspace       used 48354K, capacity 48643K, committed 48896K, reserved 1091584K
  class space    used 6551K, capacity 6641K, committed 6656K, reserved 1048576K
}
Event: 1617.653 GC heap before
{Heap before GC invocations=58 (full 3):
 PSYoungGen      total 64000K, used 52593K [0x00000007bab00000, 0x00000007bfe00000, 0x00000007c0000000)
  eden space 44032K, 100% used [0x00000007bab00000,0x00000007bd600000,0x00000007bd600000)
  from space 19968K, 42% used [0x00000007bea80000,0x00000007bf2dc600,0x00000007bfe00000)
  to   space 20480K, 0% used [0x00000007bd600000,0x00000007bd600000,0x00000007bea00000)
 ParOldGen       total 103424K, used 83115K [0x00000007b0000000, 0x00000007b6500000, 0x00000007bab00000)
  object space 103424K, 80% used [0x00000007b0000000,0x00000007b512aef8,0x00000007b6500000)
 Metaspace       used 48374K, capacity 48643K, committed 48896K, reserved 1091584K
  class space    used 6551K, capacity 6641K, committed 6656K, reserved 1048576K
Event: 1617.662 GC heap after
Heap after GC invocations=58 (full 3):
 PSYoungGen      total 64512K, used 10299K [0x00000007bab00000, 0x00000007bfd80000, 0x00000007c0000000)
  eden space 44032K, 0% used [0x00000007bab00000,0x00000007bab00000,0x00000007bd600000)
  from space 20480K, 50% used [0x00000007bd600000,0x00000007be00ed08,0x00000007bea00000)
  to   space 19456K, 0% used [0x00000007bea80000,0x00000007bea80000,0x00000007bfd80000)
 ParOldGen       total 103424K, used 83139K [0x00000007b0000000, 0x00000007b6500000, 0x00000007bab00000)
  object space 103424K, 80% used [0x00000007b0000000,0x00000007b5130ef8,0x00000007b6500000)
 Metaspace       used 48374K, capacity 48643K, committed 48896K, reserved 1091584K
  class space    used 6551K, capacity 6641K, committed 6656K, reserved 1048576K
}
Event: 1617.882 GC heap before
{Heap before GC invocations=59 (full 3):
 PSYoungGen      total 64512K, used 54331K [0x00000007bab00000, 0x00000007bfd80000, 0x00000007c0000000)
  eden space 44032K, 100% used [0x00000007bab00000,0x00000007bd600000,0x00000007bd600000)
  from space 20480K, 50% used [0x00000007bd600000,0x00000007be00ed08,0x00000007bea00000)
  to   space 19456K, 0% used [0x00000007bea80000,0x00000007bea80000,0x00000007bfd80000)
 ParOldGen       total 103424K, used 83139K [0x00000007b0000000, 0x00000007b6500000, 0x00000007bab00000)
  object space 103424K, 80% used [0x00000007b0000000,0x00000007b5130ef8,0x00000007b6500000)
 Metaspace       used 48376K, capacity 48707K, committed 48896K, reserved 1091584K
  class space    used 6551K, capacity 6641K, committed 6656K, reserved 1048576K
Event: 1617.892 GC heap after
Heap after GC invocations=59 (full 3):
 PSYoungGen      total 65024K, used 12261K [0x00000007bab00000, 0x00000007bfe00000, 0x00000007c0000000)
  eden space 45568K, 0% used [0x00000007bab00000,0x00000007bab00000,0x00000007bd780000)
  from space 19456K, 63% used [0x00000007bea80000,0x00000007bf6794a8,0x00000007bfd80000)
  to   space 19456K, 0% used [0x00000007bd780000,0x00000007bd780000,0x00000007bea80000)
 ParOldGen       total 103424K, used 83155K [0x00000007b0000000, 0x00000007b6500000, 0x00000007bab00000)
  object space 103424K, 80% used [0x00000007b0000000,0x00000007b5134ef8,0x00000007b6500000)
 Metaspace       used 48376K, capacity 48707K, committed 48896K, reserved 1091584K
  class space    used 6551K, capacity 6641K, committed 6656K, reserved 1048576K
}
Event: 1660.445 GC heap before
{Heap before GC invocations=60 (full 3):
 PSYoungGen      total 65024K, used 57829K [0x00000007bab00000, 0x00000007bfe00000, 0x00000007c0000000)
  eden space 45568K, 100% used [0x00000007bab00000,0x00000007bd780000,0x00000007bd780000)
  from space 19456K, 63% used [0x00000007bea80000,0x00000007bf6794a8,0x00000007bfd80000)
  to   space 19456K, 0% used [0x00000007bd780000,0x00000007bd780000,0x00000007bea80000)
 ParOldGen       total 103424K, used 83155K [0x00000007b0000000, 0x00000007b6500000, 0x00000007bab00000)
  object space 103424K, 80% used [0x00000007b0000000,0x00000007b5134ef8,0x00000007b6500000)
 Metaspace       used 48566K, capacity 48867K, committed 49280K, reserved 1091584K
  class space    used 6566K, capacity 6673K, committed 6784K, reserved 1048576K
Event: 1660.450 GC heap after
Heap after GC invocations=60 (full 3):
 PSYoungGen      total 65024K, used 3744K [0x00000007bab00000, 0x00000007bff00000, 0x00000007c0000000)
  eden space 45568K, 0% used [0x00000007bab00000,0x00000007bab00000,0x00000007bd780000)
  from space 19456K, 19% used [0x00000007bd780000,0x00000007bdb28350,0x00000007bea80000)
  to   space 19456K, 0% used [0x00000007bec00000,0x00000007bec00000,0x00000007bff00000)
 ParOldGen       total 103424K, used 83171K [0x00000007b0000000, 0x00000007b6500000, 0x00000007bab00000)
  object space 103424K, 80% used [0x00000007b0000000,0x00000007b5138ef8,0x00000007b6500000)
 Metaspace       used 48566K, capacity 48867K, committed 49280K, reserved 1091584K
  class space    used 6566K, capacity 6673K, committed 6784K, reserved 1048576K
}
Event: 1879.228 GC heap before
{Heap before GC invocations=61 (full 3):
 PSYoungGen      total 65024K, used 49312K [0x00000007bab00000, 0x00000007bff00000, 0x00000007c0000000)
  eden space 45568K, 100% used [0x00000007bab00000,0x00000007bd780000,0x00000007bd780000)
  from space 19456K, 19% used [0x00000007bd780000,0x00000007bdb28350,0x00000007bea80000)
  to   space 19456K, 0% used [0x00000007bec00000,0x00000007bec00000,0x00000007bff00000)
 ParOldGen       total 103424K, used 83171K [0x00000007b0000000, 0x00000007b6500000, 0x00000007bab00000)
  object space 103424K, 80% used [0x00000007b0000000,0x00000007b5138ef8,0x00000007b6500000)
 Metaspace       used 48788K, capacity 49123K, committed 49536K, reserved 1091584K
  class space    used 6571K, capacity 6673K, committed 6784K, reserved 1048576K
Event: 1879.234 GC heap after
Heap after GC invocations=61 (full 3):
 PSYoungGen      total 66048K, used 3456K [0x00000007bab00000, 0x00000007c0000000, 0x00000007c0000000)
  eden space 46592K, 0% used [0x00000007bab00000,0x00000007bab00000,0x00000007bd880000)
  from space 19456K, 17% used [0x00000007bec00000,0x00000007bef60010,0x00000007bff00000)
  to   space 19968K, 0% used [0x00000007bd880000,0x00000007bd880000,0x00000007bec00000)
 ParOldGen       total 103424K, used 83443K [0x00000007b0000000, 0x00000007b6500000, 0x00000007bab00000)
  object space 103424K, 80% used [0x00000007b0000000,0x00000007b517cf08,0x00000007b6500000)
 Metaspace       used 48788K, capacity 49123K, committed 49536K, reserved 1091584K
  class space    used 6571K, capacity 6673K, committed 6784K, reserved 1048576K
}

